Release 12.4 Map M.81d (lin64)
Xilinx Mapping Report File for Design 'breakout'

Design Information
------------------
Command Line   : map -detail -u -p xc6slx16-3-csg324 -pr b -c 100 -o
design_map.ncd design.ngd design.pcf 
Target Device  : xc6slx16
Target Package : csg324
Target Speed   : -3
Mapper Version : spartan6 -- $Revision: 1.52.76.2 $
Mapped Date    : Fri May 25 14:04:31 2018

Design Summary
--------------
Number of errors:      0
Number of warnings:    0
Slice Logic Utilization:
  Number of Slice Registers:                   928 out of  18,224    5%
    Number used as Flip Flops:                 893
    Number used as Latches:                      0
    Number used as Latch-thrus:                  0
    Number used as AND/OR logics:               35
  Number of Slice LUTs:                      1,608 out of   9,112   17%
    Number used as logic:                    1,574 out of   9,112   17%
      Number using O6 output only:           1,194
      Number using O5 output only:              12
      Number using O5 and O6:                  368
      Number used as ROM:                        0
    Number used as Memory:                       0 out of   2,176    0%
    Number used exclusively as route-thrus:     34
      Number with same-slice register load:     30
      Number with same-slice carry load:         2
      Number with other load:                    2

Slice Logic Distribution:
  Number of occupied Slices:                   564 out of   2,278   24%
  Number of LUT Flip Flop pairs used:        1,811
    Number with an unused Flip Flop:           968 out of   1,811   53%
    Number with an unused LUT:                 203 out of   1,811   11%
    Number of fully used LUT-FF pairs:         640 out of   1,811   35%
    Number of unique control sets:              32
    Number of slice register sites lost
      to control set restrictions:              67 out of  18,224    1%

  A LUT Flip Flop pair for this architecture represents one LUT paired with
  one Flip Flop within a slice.  A control set is a unique combination of
  clock, reset, set, and enable signals for a registered element.
  The Slice Logic Distribution report is not meaningful if the design is
  over-mapped for a non-slice resource or if Placement fails.

IO Utilization:
  Number of bonded IOBs:                        18 out of     232    7%
    Number of LOCed IOBs:                       10 out of      18   55%
    IOB Flip Flops:                              8

Specific Feature Utilization:
  Number of RAMB16BWERs:                         2 out of      32    6%
  Number of RAMB8BWERs:                          1 out of      64    1%
  Number of BUFIO2/BUFIO2_2CLKs:                 0 out of      32    0%
  Number of BUFIO2FB/BUFIO2FB_2CLKs:             0 out of      32    0%
  Number of BUFG/BUFGMUXs:                       1 out of      16    6%
    Number used as BUFGs:                        1
    Number used as BUFGMUX:                      0
  Number of DCM/DCM_CLKGENs:                     0 out of       4    0%
  Number of ILOGIC2/ISERDES2s:                   0 out of     248    0%
  Number of IODELAY2/IODRP2/IODRP2_MCBs:         0 out of     248    0%
  Number of OLOGIC2/OSERDES2s:                   8 out of     248    3%
    Number used as OLOGIC2s:                     8
    Number used as OSERDES2s:                    0
  Number of BSCANs:                              0 out of       4    0%
  Number of BUFHs:                               0 out of     128    0%
  Number of BUFPLLs:                             0 out of       8    0%
  Number of BUFPLL_MCBs:                         0 out of       4    0%
  Number of DSP48A1s:                            0 out of      32    0%
  Number of ICAPs:                               0 out of       1    0%
  Number of MCBs:                                0 out of       2    0%
  Number of PCILOGICSEs:                         0 out of       2    0%
  Number of PLL_ADVs:                            0 out of       2    0%
  Number of PMVs:                                0 out of       1    0%
  Number of STARTUPs:                            0 out of       1    0%
  Number of SUSPEND_SYNCs:                       0 out of       1    0%

Average Fanout of Non-Clock Nets:                4.03

Peak Memory Usage:  605 MB
Total REAL time to MAP completion:  1 mins 4 secs 
Total CPU time to MAP completion:   1 mins 1 secs 

Table of Contents
-----------------
Section 1 - Errors
Section 2 - Warnings
Section 3 - Informational
Section 4 - Removed Logic Summary
Section 5 - Removed Logic
Section 6 - IOB Properties
Section 7 - RPMs
Section 8 - Guide Report
Section 9 - Area Group and Partition Summary
Section 10 - Timing Report
Section 11 - Configuration String Information
Section 12 - Control Set Information
Section 13 - Utilization by Hierarchy

Section 1 - Errors
------------------

Section 2 - Warnings
--------------------
WARNING:Security:43 - No license file was found in the standard Xilinx license
directory.
WARNING:Security:44 - No license file was found.
WARNING:Security:42 - Your software subscription period has lapsed. Your current
version of Xilinx tools will continue to function, but you no longer qualify for
Xilinx software updates or new releases.

Section 3 - Informational
-------------------------
INFO:Security:50 - The XILINXD_LICENSE_FILE environment variable is set to
'2100@mjukis.isy.liu.se'.
INFO:Security:52 - The LM_LICENSE_FILE environment variable is set to
'1704@mjukis.isy.liu.se:1706@license.isy.liu.se'.
INFO:Security:54 - 'xc6slx16' is a WebPack part.
INFO:MapLib:562 - No environment variables are currently set.
INFO:LIT:244 - All of the single ended outputs in this design are using slew
   rate limited output drivers. The delay on speed critical single ended outputs
   can be dramatically reduced by designating them as fast outputs.
INFO:Pack:1716 - Initializing temperature to 85.000 Celsius. (default - Range:
   0.000 to 85.000 Celsius)
INFO:Pack:1720 - Initializing voltage to 1.140 Volts. (default - Range: 1.140 to
   1.260 Volts)
INFO:Map:215 - The Interim Design Summary has been generated in the MAP Report
   (.mrp).
INFO:Place:834 - Only a subset of IOs are locked. Out of 18 IOs, 10 are locked
   and 8 are not locked. If you would like to print the names of these IOs,
   please set the environment variable XIL_PAR_DESIGN_CHECK_VERBOSE to 1. 
INFO:Pack:1650 - Map created a placed design.

Section 4 - Removed Logic Summary
---------------------------------
   2 block(s) removed
  10 block(s) optimized away
  15 Block(s) redundant

Section 5 - Removed Logic
-------------------------

The trimmed logic report below shows the logic removed from your design due to
sourceless or loadless signals, and VCC or ground connections.  If the removal
of a signal or symbol results in the subsequent removal of an additional signal
or symbol, the message explaining that second removal will be indented.  This
indentation will be repeated as a chain of related logic is removed.

To quickly locate the original cause for the removal of a chain of logic, look
above the place where that logic is listed in the trimming report, then locate
the lines that are least indented (begin at the leftmost edge).

Loadless block "ADDERTREE_INTERNAL_Madd211" (ROM) removed.
Loadless block "ADDERTREE_INTERNAL_Madd911" (ROM) removed.

Optimized Block(s):
TYPE 		BLOCK
LUT3 		ADDERTREE_INTERNAL_Madd210
LUT3 		ADDERTREE_INTERNAL_Madd29
LUT4 		ADDERTREE_INTERNAL_Madd2_lut<0>10
LUT4 		ADDERTREE_INTERNAL_Madd2_lut<0>11
LUT3 		ADDERTREE_INTERNAL_Madd910
LUT3 		ADDERTREE_INTERNAL_Madd99
LUT4 		ADDERTREE_INTERNAL_Madd9_lut<0>10
LUT4 		ADDERTREE_INTERNAL_Madd9_lut<0>11
GND 		XST_GND
VCC 		XST_VCC

Redundant Block(s):
TYPE 		BLOCK
LUT5 		U4/transparent_one2
LUT5 		U4/transparent_two2
LUT1 		U4/Maddsub_PWR_14_o_Ypixel[8]_MuLt_25_OUT_Madd1_cy<6>_rt
LUT1 		U4/Maddsub_PWR_14_o_Ypixel[8]_MuLt_25_OUT_Madd1_cy<7>_rt
LUT1 		U4/Mcount_Ypixel_cy<0>_rt
LUT1 		U4/Mcount_Ypixel_cy<1>_rt
LUT1 		U4/Mcount_Ypixel_cy<2>_rt
LUT1 		U4/Mcount_Ypixel_cy<4>_rt
INV 		write_ctrl_INV_0
INV 		U4/Madd_paddle_two_pos_end_xor<0>11_INV_0
INV 		U4/Madd_paddle_one_pos_end_xor<0>11_INV_0
INV 		U4/Madd_ball_two_posY_end_xor<0>11_INV_0
INV 		U4/Madd_ball_two_posX_end_xor<0>11_INV_0
INV 		U4/Madd_ball_one_posY_end_xor<0>11_INV_0
INV 		U4/Madd_ball_one_posX_end_xor<0>11_INV_0

Section 6 - IOB Properties
--------------------------

+---------------------------------------------------------------------------------------------------------------------------------------------------------+
| IOB Name                           | Type             | Direction | IO Standard          | Diff  | Drive    | Slew | Reg (s)      | Resistor | IOB      |
|                                    |                  |           |                      | Term  | Strength | Rate |              |          | Delay    |
+---------------------------------------------------------------------------------------------------------------------------------------------------------+
| Hsync                              | IOB              | OUTPUT    | LVCMOS33             |       | 12       | SLOW |              |          |          |
| JA<0>                              | IOB              | OUTPUT    | LVCMOS33             |       | 12       | SLOW |              |          |          |
| JA<1>                              | IOB              | OUTPUT    | LVCMOS33             |       | 12       | SLOW |              |          |          |
| JB<0>                              | IOB              | INPUT     | LVCMOS33             |       |          |      |              |          |          |
| JB<1>                              | IOB              | INPUT     | LVCMOS33             |       |          |      |              |          |          |
| Vsync                              | IOB              | OUTPUT    | LVCMOS33             |       | 12       | SLOW |              |          |          |
| btnd                               | IOB              | INPUT     | LVCMOS33             |       |          |      |              |          |          |
| btns                               | IOB              | INPUT     | LVCMOS33             |       |          |      |              |          |          |
| btnu                               | IOB              | INPUT     | LVCMOS33             |       |          |      |              |          |          |
| clk                                | IOB              | INPUT     | LVCMOS33             |       |          |      |              |          |          |
| vgaBlue<1>                         | IOB              | OUTPUT    | LVCMOS25             |       | 12       | SLOW | OFF          |          |          |
| vgaBlue<2>                         | IOB              | OUTPUT    | LVCMOS25             |       | 12       | SLOW | OFF          |          |          |
| vgaGreen<0>                        | IOB              | OUTPUT    | LVCMOS25             |       | 12       | SLOW | OFF          |          |          |
| vgaGreen<1>                        | IOB              | OUTPUT    | LVCMOS25             |       | 12       | SLOW | OFF          |          |          |
| vgaGreen<2>                        | IOB              | OUTPUT    | LVCMOS25             |       | 12       | SLOW | OFF          |          |          |
| vgaRed<0>                          | IOB              | OUTPUT    | LVCMOS25             |       | 12       | SLOW | OFF          |          |          |
| vgaRed<1>                          | IOB              | OUTPUT    | LVCMOS25             |       | 12       | SLOW | OFF          |          |          |
| vgaRed<2>                          | IOB              | OUTPUT    | LVCMOS25             |       | 12       | SLOW | OFF          |          |          |
+---------------------------------------------------------------------------------------------------------------------------------------------------------+

Section 7 - RPMs
----------------

Section 8 - Guide Report
------------------------
Guide not run on this design.

Section 9 - Area Group and Partition Summary
--------------------------------------------

Partition Implementation Status
-------------------------------

  No Partitions were found in this design.

-------------------------------

Area Group Information
----------------------

  No area groups were found in this design.

----------------------

Section 10 - Timing Report
--------------------------
A logic-level (pre-route) timing report can be generated by using Xilinx static
timing analysis tools, Timing Analyzer (GUI) or TRCE (command line), with the
mapped NCD and PCF files. Please note that this timing report will be generated
using estimated delay information. For accurate numbers, please generate a
timing report with the post Place and Route NCD file.

For more information about the Timing Analyzer, consult the Xilinx Timing
Analyzer Reference Manual; for more information about TRCE, consult the Xilinx
Command Line Tools User Guide "TRACE" chapter.

Section 11 - Configuration String Details
-----------------------------------------

Section 12 - Control Set Information
------------------------------------
+---------------------------------------------------------------------------------------------------------------------------------------------------+
| Clock Signal | Reset Signal                   | Set Signal | Enable Signal                                    | Slice Load Count | Bel Load Count |
+---------------------------------------------------------------------------------------------------------------------------------------------------+
| clk_BUFGP    |                                |            |                                                  | 21               | 94             |
| clk_BUFGP    |                                |            | AL/_n0283_inv                                    | 21               | 32             |
| clk_BUFGP    |                                |            | GR/_n0136_inv                                    | 11               | 32             |
| clk_BUFGP    |                                |            | GR/_n0142_inv                                    | 11               | 32             |
| clk_BUFGP    |                                |            | GR/_n0148_inv                                    | 8                | 32             |
| clk_BUFGP    |                                |            | GR/_n0154_inv                                    | 9                | 32             |
| clk_BUFGP    |                                |            | GR/_n0160_inv                                    | 8                | 32             |
| clk_BUFGP    |                                |            | GR/_n0166_inv                                    | 8                | 32             |
| clk_BUFGP    |                                |            | GR/_n0172_inv                                    | 7                | 32             |
| clk_BUFGP    |                                |            | GR/_n0178_inv                                    | 9                | 32             |
| clk_BUFGP    |                                |            | GR/_n0184_inv                                    | 8                | 32             |
| clk_BUFGP    |                                |            | GR/_n0187_inv                                    | 10               | 32             |
| clk_BUFGP    |                                |            | U4/_n0273_inv                                    | 3                | 10             |
| clk_BUFGP    |                                |            | U4/_n0277_inv                                    | 4                | 10             |
| clk_BUFGP    |                                |            | UL1/_n0218_inv                                   | 3                | 9              |
| clk_BUFGP    |                                |            | UL1/_n0237_inv                                   | 8                | 36             |
| clk_BUFGP    |                                |            | UL2/_n0218_inv                                   | 2                | 9              |
| clk_BUFGP    |                                |            | UL2/_n0237_inv                                   | 7                | 36             |
| clk_BUFGP    |                                |            | btns_inv                                         | 5                | 20             |
| clk_BUFGP    | FB[3]_GND_4_o_equal_5_o_inv1_0 |            |                                                  | 4                | 8              |
| clk_BUFGP    | btns_IBUF                      |            |                                                  | 57               | 112            |
| clk_BUFGP    | btns_IBUF                      |            | FB[3]_GND_4_o_equal_1_o                          | 14               | 32             |
| clk_BUFGP    | btns_IBUF                      |            | FB[3]_GND_4_o_equal_34_o                         | 12               | 32             |
| clk_BUFGP    | btns_IBUF                      |            | Mcompar_DATA_BUS[31]_GND_4_o_LessThan_22_o_cy<5> | 6                | 9              |
| clk_BUFGP    | btns_IBUF                      |            | U4/Clk25                                         | 3                | 10             |
| clk_BUFGP    | btns_IBUF                      |            | U4/_n0285_inv                                    | 3                | 10             |
| clk_BUFGP    | btns_IBUF                      |            | UL1/_n0253_inv                                   | 4                | 16             |
| clk_BUFGP    | btns_IBUF                      |            | UL2/_n0253_inv                                   | 4                | 16             |
| clk_BUFGP    | btns_IBUF                      |            | _n0407_inv                                       | 12               | 32             |
| clk_BUFGP    | btns_IBUF                      |            | _n0410_inv                                       | 8                | 32             |
| clk_BUFGP    | collision_reset_s              |            | U4/collision_one[3]_BUS_0035_AND_100_o           | 1                | 4              |
| clk_BUFGP    | collision_reset_s              |            | U4/collision_two[3]_BUS_0048_AND_104_o           | 2                | 4              |
+---------------------------------------------------------------------------------------------------------------------------------------------------+

Section 13 - Utilization by Hierarchy
-------------------------------------
+---------------------------------------------------------------------------------------------------------------------------------------------------------------------------------------+
| Module             | Partition | Slices*       | Slice Reg     | LUTs          | LUTRAM        | BRAM/FIFO | DSP48A1 | BUFG  | BUFIO | BUFR  | DCM   | PLL_ADV   | Full Hierarchical  |
+---------------------------------------------------------------------------------------------------------------------------------------------------------------------------------------+
| breakout/          |           | 329/756       | 235/893       | 754/1535      | 0/0           | 0/3       | 0/0     | 1/1   | 0/0   | 0/0   | 0/0   | 0/0       | breakout           |
| +AL                |           | 123/123       | 34/34         | 302/302       | 0/0           | 0/0       | 0/0     | 0/0   | 0/0   | 0/0   | 0/0   | 0/0       | breakout/AL        |
| +GR                |           | 90/90         | 320/320       | 5/5           | 0/0           | 0/0       | 0/0     | 0/0   | 0/0   | 0/0   | 0/0   | 0/0       | breakout/GR        |
| +ID                |           | 4/4           | 0/0           | 4/4           | 0/0           | 0/0       | 0/0     | 0/0   | 0/0   | 0/0   | 0/0   | 0/0       | breakout/ID        |
| +U0                |           | 15/15         | 0/0           | 17/17         | 0/0           | 0/0       | 0/0     | 0/0   | 0/0   | 0/0   | 0/0   | 0/0       | breakout/U0        |
| +U1                |           | 0/0           | 0/0           | 0/0           | 0/0           | 2/2       | 0/0     | 0/0   | 0/0   | 0/0   | 0/0   | 0/0       | breakout/U1        |
| +U3                |           | 0/0           | 0/0           | 0/0           | 0/0           | 1/1       | 0/0     | 0/0   | 0/0   | 0/0   | 0/0   | 0/0       | breakout/U3        |
| +U4                |           | 121/121       | 50/50         | 286/286       | 0/0           | 0/0       | 0/0     | 0/0   | 0/0   | 0/0   | 0/0   | 0/0       | breakout/U4        |
| +UL1               |           | 36/36         | 127/127       | 83/83         | 0/0           | 0/0       | 0/0     | 0/0   | 0/0   | 0/0   | 0/0   | 0/0       | breakout/UL1       |
| +UL2               |           | 38/38         | 127/127       | 84/84         | 0/0           | 0/0       | 0/0     | 0/0   | 0/0   | 0/0   | 0/0   | 0/0       | breakout/UL2       |
+---------------------------------------------------------------------------------------------------------------------------------------------------------------------------------------+

* Slices can be packed with basic elements from multiple hierarchies.
  Therefore, a slice will be counted in every hierarchical module
  that each of its packed basic elements belong to.
** For each column, there are two numbers reported <A>/<B>.
   <A> is the number of elements that belong to that specific hierarchical module.
   <B> is the total number of elements from that hierarchical module and any lower level
   hierarchical modules below.
*** The LUTRAM column counts all LUTs used as memory including RAM, ROM, and shift registers.
